\BOOKMARK [1][-]{section.1}{\376\377\000T\000a\000r\000e\000f\000a\000\040\0005\000.\0001\000:\000\040\000M\000o\000n\000t\000a\000g\000e\000m\000\040\000d\000e\000\040\000u\000m\000\040\000c\000i\000r\000c\000u\000i\000t\000o\000\040\000c\000o\000m\000b\000i\000n\000a\000c\000i\000o\000n\000a\000l\000\040\000c\000o\000m\000\040\000p\000o\000r\000t\000a\000s\000\040\000N\000A\000N\000D\0002}{}% 1
\BOOKMARK [2][-]{subsection.1.1}{\376\377\000A\000n\000a\000l\000i\000s\000e\000\040\000d\000o\000\040\000c\000i\000r\000c\000u\000i\000t\000o}{section.1}% 2
\BOOKMARK [2][-]{subsection.1.2}{\376\377\000T\000a\000b\000e\000l\000a\000-\000v\000e\000r\000d\000a\000d\000e}{section.1}% 3
\BOOKMARK [2][-]{subsection.1.3}{\376\377\000E\000x\000p\000r\000e\000s\000s\000a\000o\000\040\000f\000i\000n\000a\000l}{section.1}% 4
\BOOKMARK [1][-]{section.2}{\376\377\000T\000a\000r\000e\000f\000a\000\040\0005\000.\0002\000:\000\040\000P\000r\000o\000j\000e\000t\000o\000\040\000e\000\040\000m\000o\000n\000t\000a\000g\000e\000m\000\040\000d\000a\000\040\000c\000e\000l\000u\000l\000a\000\040\000b\000a\000s\000i\000c\000a\000\040\000d\000e\000\040\000u\000m\000\040\000c\000o\000m\000p\000a\000r\000a\000d\000o\000r}{}% 5
\BOOKMARK [2][-]{subsection.2.1}{\376\377\000T\000a\000b\000e\000l\000a\000-\000v\000e\000r\000d\000a\000d\000e\000\040\000d\000a\000\040\000c\000e\000l\000u\000l\000a}{section.2}% 6
\BOOKMARK [2][-]{subsection.2.2}{\376\377\000F\000u\000n\000c\000o\000e\000s\000\040\000l\000o\000g\000i\000c\000a\000s}{section.2}% 7
\BOOKMARK [2][-]{subsection.2.3}{\376\377\000M\000o\000n\000t\000a\000g\000e\000m}{section.2}% 8
\BOOKMARK [2][-]{subsection.2.4}{\376\377\000R\000e\000s\000u\000l\000t\000a\000d\000o\000s\000\040\000e\000x\000p\000e\000r\000i\000m\000e\000n\000t\000a\000i\000s}{section.2}% 9
\BOOKMARK [2][-]{subsection.2.5}{\376\377\000R\000e\000d\000e\000\040\000i\000t\000e\000r\000a\000t\000i\000v\000a}{section.2}% 10
\BOOKMARK [1][-]{section.3}{\376\377\000T\000a\000r\000e\000f\000a\000\040\0005\000.\0003\000:\000\040\000P\000r\000o\000j\000e\000t\000o\000\040\000e\000\040\000m\000o\000n\000t\000a\000g\000e\000m\000\040\000d\000e\000\040\000u\000m\000\040\000s\000u\000b\000t\000r\000a\000t\000o\000r\000\040\000c\000o\000m\000p\000l\000e\000t\000o\000\040\000d\000e\000\040\0001\000\040\000b\000i\000t}{}% 11
\BOOKMARK [2][-]{subsection.3.1}{\376\377\000T\000a\000b\000e\000l\000a\000-\000v\000e\000r\000d\000a\000d\000e}{section.3}% 12
\BOOKMARK [2][-]{subsection.3.2}{\376\377\000E\000x\000p\000r\000e\000s\000s\000o\000e\000s\000\040\000l\000o\000g\000i\000c\000a\000s}{section.3}% 13
\BOOKMARK [2][-]{subsection.3.3}{\376\377\000I\000m\000p\000l\000e\000m\000e\000n\000t\000a\000c\000a\000o\000\040\000u\000s\000a\000n\000d\000o\000\040\000N\000A\000N\000D\0002}{section.3}% 14
\BOOKMARK [2][-]{subsection.3.4}{\376\377\000R\000e\000s\000u\000l\000t\000a\000d\000o\000s\000\040\000e\000x\000p\000e\000r\000i\000m\000e\000n\000t\000a\000i\000s}{section.3}% 15
\BOOKMARK [1][-]{section.4}{\376\377\000T\000a\000r\000e\000f\000a\000\040\0005\000.\0004\000:\000\040\000P\000r\000o\000j\000e\000t\000o\000\040\000e\000\040\000m\000o\000n\000t\000a\000g\000e\000m\000\040\000d\000e\000\040\000u\000m\000\040\000s\000o\000m\000a\000d\000o\000r\000\040\000c\000o\000m\000p\000l\000e\000t\000o\000\040\000d\000e\000\040\0001\000\040\000b\000i\000t}{}% 16
\BOOKMARK [2][-]{subsection.4.1}{\376\377\000T\000a\000b\000e\000l\000a\000-\000v\000e\000r\000d\000a\000d\000e}{section.4}% 17
\BOOKMARK [2][-]{subsection.4.2}{\376\377\000E\000x\000p\000r\000e\000s\000s\000o\000e\000s\000\040\000l\000o\000g\000i\000c\000a\000s}{section.4}% 18
\BOOKMARK [2][-]{subsection.4.3}{\376\377\000I\000m\000p\000l\000e\000m\000e\000n\000t\000a\000c\000a\000o\000\040\000u\000s\000a\000n\000d\000o\000\040\000N\000A\000N\000D\0002}{section.4}% 19
\BOOKMARK [2][-]{subsection.4.4}{\376\377\000R\000e\000s\000u\000l\000t\000a\000d\000o\000s\000\040\000e\000x\000p\000e\000r\000i\000m\000e\000n\000t\000a\000i\000s}{section.4}% 20
\BOOKMARK [1][-]{section.5}{\376\377\000T\000a\000r\000e\000f\000a\000\040\0006\000.\0001\000:\000\040\000P\000r\000o\000j\000e\000t\000o\000\040\000e\000\040\000s\000i\000m\000u\000l\000a\000c\000a\000o\000\040\000d\000e\000\040\000u\000m\000\040\000c\000i\000r\000c\000u\000i\000t\000o\000\040\000m\000u\000l\000t\000i\000p\000l\000i\000c\000a\000d\000o\000r\000\040\000d\000e\000\040\0002\000\040\000b\000i\000t\000s}{}% 21
\BOOKMARK [2][-]{subsection.5.1}{\376\377\000D\000e\000s\000e\000n\000v\000o\000l\000v\000i\000m\000e\000n\000t\000o\000\040\000d\000o\000\040\000p\000r\000o\000j\000e\000t\000o}{section.5}% 22
\BOOKMARK [2][-]{subsection.5.2}{\376\377\000E\000q\000u\000a\000c\000o\000e\000s\000\040\000d\000o\000\040\000c\000i\000r\000c\000u\000i\000t\000o}{section.5}% 23
\BOOKMARK [2][-]{subsection.5.3}{\376\377\000S\000i\000m\000u\000l\000a\000c\000a\000o\000\040\000f\000u\000n\000c\000i\000o\000n\000a\000l}{section.5}% 24
\BOOKMARK [2][-]{subsection.5.4}{\376\377\000C\000o\000m\000e\000n\000t\000a\000r\000i\000o\000s}{section.5}% 25
